Using pre-set license
Built from '2020.2/release' branch; Version is '2020.2.4f1 (becced5a802b) revision 12504301'; Using compiler version '192528614'; Build Type 'Release'
OS: 'Windows 10 Pro; OS build 19041.928; Version 2004; 64bit' Language: 'en' Physical Memory: 8144 MB
BatchMode: 1, IsHumanControllingUs: 0, StartBugReporterOnCrash: 0, Is64bit: 1, IsPro: 0

 COMMAND LINE ARGUMENTS:
C:\Program Files\Microsoft VS Code\bin\2020.2.4f1\Editor\Unity.exe
-adb2
-batchMode
-noUpm
-name
AssetImportWorker0
-projectPath
C:/Users/Jono Barel/Documents/unity projects/Followers
-logFile
Logs/AssetImportWorker0.log
-srvPort
57896
Successfully changed project path to: C:/Users/Jono Barel/Documents/unity projects/Followers
C:/Users/Jono Barel/Documents/unity projects/Followers
Using Asset Import Pipeline V2.
Refreshing native plugins compatible for Editor in 53.29 ms, found 0 plugins.
Preloading 0 native plugins for Editor in 0.00 ms.
Initialize engine version: 2020.2.4f1 (becced5a802b)
[Subsystems] Discovering subsystems at path C:/Program Files/Microsoft VS Code/bin/2020.2.4f1/Editor/Data/Resources/UnitySubsystems
[Subsystems] Discovering subsystems at path C:/Users/Jono Barel/Documents/unity projects/Followers/Assets
GfxDevice: creating device client; threaded=0
Direct3D:
    Version:  Direct3D 11.0 [level 11.1]
    Renderer: NVIDIA GeForce GTX 1060 6GB (ID=0x1c03)
    Vendor:   
    VRAM:     6052 MB
    Driver:   27.21.14.5671
Initialize mono
Mono path[0] = 'C:/Program Files/Microsoft VS Code/bin/2020.2.4f1/Editor/Data/Managed'
Mono path[1] = 'C:/Program Files/Microsoft VS Code/bin/2020.2.4f1/Editor/Data/MonoBleedingEdge/lib/mono/unityjit'
Mono config path = 'C:/Program Files/Microsoft VS Code/bin/2020.2.4f1/Editor/Data/MonoBleedingEdge/etc'
Using monoOptions --debugger-agent=transport=dt_socket,embedding=1,server=y,suspend=n,address=127.0.0.1:56244
Begin MonoManager ReloadAssembly
Registering precompiled unity dll's ...
Register platform support module: C:/Program Files/Microsoft VS Code/bin/2020.2.4f1/Editor/Data/PlaybackEngines/WebGLSupport/UnityEditor.WebGL.Extensions.dll
Register platform support module: C:/Program Files/Microsoft VS Code/bin/2020.2.4f1/Editor/Data/PlaybackEngines/WindowsStandaloneSupport/UnityEditor.WindowsStandalone.Extensions.dll
Registered in 0.013774 seconds.
Native extension for WindowsStandalone target not found
Native extension for WebGL target not found
Refreshing native plugins compatible for Editor in 44.24 ms, found 0 plugins.
Preloading 0 native plugins for Editor in 0.00 ms.
Invoked RoslynAnalysisRunner static constructor.
RoslynAnalysisRunner will not be running.
RoslynAnalysisRunner has terminated.
Mono: successfully reloaded assembly
- Completed reload, in 12.310 seconds
Platform modules already initialized, skipping
Registering precompiled user dll's ...
Registered in 0.002829 seconds.
Begin MonoManager ReloadAssembly
Native extension for WindowsStandalone target not found
Native extension for WebGL target not found
Refreshing native plugins compatible for Editor in 0.29 ms, found 0 plugins.
Preloading 0 native plugins for Editor in 0.00 ms.
Invoked RoslynAnalysisRunner static constructor.
RoslynAnalysisRunner will not be running.
RoslynAnalysisRunner has terminated.
Mono: successfully reloaded assembly
- Completed reload, in  3.379 seconds
Platform modules already initialized, skipping
========================================================================
Worker process is ready to serve import requests
Launched and connected shader compiler UnityShaderCompiler.exe after 0.19 seconds
Refreshing native plugins compatible for Editor in 0.61 ms, found 0 plugins.
Preloading 0 native plugins for Editor in 0.00 ms.
Unloading 1243 Unused Serialized files (Serialized files now loaded: 0)
System memory in use before: 70.0 MB.
System memory in use after: 69.7 MB.

Unloading 10 unused Assets to reduce memory usage. Loaded Objects now: 1691.
Total: 24.036600 ms (FindLiveObjects: 0.441200 ms CreateObjectMapping: 0.363200 ms MarkObjects: 22.030900 ms  DeleteObjects: 1.198000 ms)

========================================================================
Received Import Request.
  path: Assets/Scripts/Follower.cs
  artifactKey: Guid(3cf6df2f065ea0742967b22707460206) Importer(815301076,1909f56bfc062723c751e8b465ee728b)
Start importing Assets/Scripts/Follower.cs using Guid(3cf6df2f065ea0742967b22707460206) Importer(815301076,1909f56bfc062723c751e8b465ee728b)  -> (artifact id: 'a761396bb4336cac6901407ab7e480bb') in 0.197119 seconds
  Import took 0.214801 seconds .

========================================================================
Received Import Request.
  Time since last request: 0.001460 seconds.
  path: Assets/Scripts/FlockMember.cs
  artifactKey: Guid(9604c9edff7255549944a13f5f5d33fe) Importer(815301076,1909f56bfc062723c751e8b465ee728b)
Start importing Assets/Scripts/FlockMember.cs using Guid(9604c9edff7255549944a13f5f5d33fe) Importer(815301076,1909f56bfc062723c751e8b465ee728b)  -> (artifact id: '8a84b063236cbd2848489378f09f1e58') in 0.105438 seconds
  Import took 0.119622 seconds .

========================================================================
Received Import Request.
  Time since last request: 0.000292 seconds.
  path: Assets/Scripts/FollowBase.cs
  artifactKey: Guid(f918c5a978ebb394ea8179fea0b84198) Importer(815301076,1909f56bfc062723c751e8b465ee728b)
Start importing Assets/Scripts/FollowBase.cs using Guid(f918c5a978ebb394ea8179fea0b84198) Importer(815301076,1909f56bfc062723c751e8b465ee728b)  -> (artifact id: 'b1adced34c31c9400e51551d89145b4b') in 0.061980 seconds
  Import took 0.088207 seconds .

========================================================================
Received Import Request.
  Time since last request: 26.348901 seconds.
  path: Assets/Scripts/FollowerOld.cs
  artifactKey: Guid(3cf6df2f065ea0742967b22707460206) Importer(815301076,1909f56bfc062723c751e8b465ee728b)
Start importing Assets/Scripts/FollowerOld.cs using Guid(3cf6df2f065ea0742967b22707460206) Importer(815301076,1909f56bfc062723c751e8b465ee728b)  -> (artifact id: 'c34a655c1eef8932cd93e7dd156c3b8e') in 0.036106 seconds
  Import took 0.046374 seconds .

========================================================================
Received Prepare
Registering precompiled user dll's ...
Registered in 0.002767 seconds.
Begin MonoManager ReloadAssembly
Native extension for WindowsStandalone target not found
Native extension for WebGL target not found
Refreshing native plugins compatible for Editor in 0.32 ms, found 0 plugins.
Preloading 0 native plugins for Editor in 0.00 ms.
Invoked RoslynAnalysisRunner static constructor.
RoslynAnalysisRunner will not be running.
RoslynAnalysisRunner has terminated.
Mono: successfully reloaded assembly
- Completed reload, in  1.244 seconds
Platform modules already initialized, skipping
Refreshing native plugins compatible for Editor in 0.40 ms, found 0 plugins.
Preloading 0 native plugins for Editor in 0.00 ms.
Unloading 1216 Unused Serialized files (Serialized files now loaded: 0)
System memory in use before: 68.1 MB.
System memory in use after: 67.9 MB.

Unloading 5 unused Assets to reduce memory usage. Loaded Objects now: 1693.
Total: 2.111100 ms (FindLiveObjects: 0.152600 ms CreateObjectMapping: 0.051200 ms MarkObjects: 1.582900 ms  DeleteObjects: 0.323100 ms)

========================================================================
Received Import Request.
  Time since last request: 7.452891 seconds.
  path: Assets/Scripts/Follower.cs
  artifactKey: Guid(9604c9edff7255549944a13f5f5d33fe) Importer(815301076,1909f56bfc062723c751e8b465ee728b)
Start importing Assets/Scripts/Follower.cs using Guid(9604c9edff7255549944a13f5f5d33fe) Importer(815301076,1909f56bfc062723c751e8b465ee728b)  -> (artifact id: 'af2066391f03e4a43ec4836bdad06adf') in 0.007092 seconds
  Import took 0.009935 seconds .

========================================================================
Received Prepare
Registering precompiled user dll's ...
Registered in 0.001010 seconds.
Begin MonoManager ReloadAssembly
Native extension for WindowsStandalone target not found
Native extension for WebGL target not found
Refreshing native plugins compatible for Editor in 0.34 ms, found 0 plugins.
Preloading 0 native plugins for Editor in 0.00 ms.
Invoked RoslynAnalysisRunner static constructor.
RoslynAnalysisRunner will not be running.
RoslynAnalysisRunner has terminated.
Mono: successfully reloaded assembly
- Completed reload, in  3.367 seconds
Platform modules already initialized, skipping
Refreshing native plugins compatible for Editor in 0.30 ms, found 0 plugins.
Preloading 0 native plugins for Editor in 0.00 ms.
Unloading 1216 Unused Serialized files (Serialized files now loaded: 0)
System memory in use before: 68.2 MB.
System memory in use after: 68.0 MB.

Unloading 5 unused Assets to reduce memory usage. Loaded Objects now: 1695.
Total: 2.201200 ms (FindLiveObjects: 0.166600 ms CreateObjectMapping: 0.089800 ms MarkObjects: 1.606700 ms  DeleteObjects: 0.336500 ms)

========================================================================
Received Import Request.
  Time since last request: 39.076905 seconds.
  path: Assets/Scripts/Follower.cs
  artifactKey: Guid(9604c9edff7255549944a13f5f5d33fe) Importer(815301076,1909f56bfc062723c751e8b465ee728b)
Start importing Assets/Scripts/Follower.cs using Guid(9604c9edff7255549944a13f5f5d33fe) Importer(815301076,1909f56bfc062723c751e8b465ee728b)  -> (artifact id: '8167d4904445520c53f342f4c50f53ef') in 0.017254 seconds
  Import took 0.021633 seconds .

========================================================================
Received Import Request.
  Time since last request: 32.445670 seconds.
  path: Assets/Scripts/FollowerComponent.cs
  artifactKey: Guid(f5b8a32b37ca9254e85cc90b63954c1c) Importer(815301076,1909f56bfc062723c751e8b465ee728b)
Start importing Assets/Scripts/FollowerComponent.cs using Guid(f5b8a32b37ca9254e85cc90b63954c1c) Importer(815301076,1909f56bfc062723c751e8b465ee728b)  -> (artifact id: '4ea7e78c97b07f274371cac05acf67cb') in 0.010546 seconds
  Import took 0.020115 seconds .

========================================================================
Received Prepare
Registering precompiled user dll's ...
Registered in 0.004836 seconds.
Begin MonoManager ReloadAssembly
Native extension for WindowsStandalone target not found
Native extension for WebGL target not found
Refreshing native plugins compatible for Editor in 0.47 ms, found 0 plugins.
Preloading 0 native plugins for Editor in 0.00 ms.
Invoked RoslynAnalysisRunner static constructor.
RoslynAnalysisRunner will not be running.
RoslynAnalysisRunner has terminated.
Mono: successfully reloaded assembly
- Completed reload, in  1.503 seconds
Platform modules already initialized, skipping
Refreshing native plugins compatible for Editor in 0.45 ms, found 0 plugins.
Preloading 0 native plugins for Editor in 0.00 ms.
Unloading 1215 Unused Serialized files (Serialized files now loaded: 0)
System memory in use before: 68.2 MB.
System memory in use after: 68.0 MB.

Unloading 6 unused Assets to reduce memory usage. Loaded Objects now: 1696.
Total: 15.606700 ms (FindLiveObjects: 1.003900 ms CreateObjectMapping: 0.094600 ms MarkObjects: 13.651100 ms  DeleteObjects: 0.852300 ms)

========================================================================
Received Prepare
Registering precompiled user dll's ...
Registered in 0.000958 seconds.
Begin MonoManager ReloadAssembly
Native extension for WindowsStandalone target not found
Native extension for WebGL target not found
Refreshing native plugins compatible for Editor in 0.31 ms, found 0 plugins.
Preloading 0 native plugins for Editor in 0.00 ms.
Invoked RoslynAnalysisRunner static constructor.
RoslynAnalysisRunner will not be running.
RoslynAnalysisRunner has terminated.
Mono: successfully reloaded assembly
- Completed reload, in  1.136 seconds
Platform modules already initialized, skipping
Refreshing native plugins compatible for Editor in 0.53 ms, found 0 plugins.
Preloading 0 native plugins for Editor in 0.00 ms.
Unloading 1215 Unused Serialized files (Serialized files now loaded: 0)
System memory in use before: 68.2 MB.
System memory in use after: 68.0 MB.

Unloading 5 unused Assets to reduce memory usage. Loaded Objects now: 1698.
Total: 2.400400 ms (FindLiveObjects: 0.192600 ms CreateObjectMapping: 0.060700 ms MarkObjects: 1.752800 ms  DeleteObjects: 0.393200 ms)

========================================================================
Received Prepare
Registering precompiled user dll's ...
Registered in 0.001018 seconds.
Begin MonoManager ReloadAssembly
Native extension for WindowsStandalone target not found
Native extension for WebGL target not found
Refreshing native plugins compatible for Editor in 0.44 ms, found 0 plugins.
Preloading 0 native plugins for Editor in 0.00 ms.
Invoked RoslynAnalysisRunner static constructor.
RoslynAnalysisRunner will not be running.
RoslynAnalysisRunner has terminated.
Mono: successfully reloaded assembly
- Completed reload, in  1.165 seconds
Platform modules already initialized, skipping
Refreshing native plugins compatible for Editor in 0.30 ms, found 0 plugins.
Preloading 0 native plugins for Editor in 0.00 ms.
Unloading 1215 Unused Serialized files (Serialized files now loaded: 0)
System memory in use before: 68.2 MB.
System memory in use after: 68.0 MB.

Unloading 5 unused Assets to reduce memory usage. Loaded Objects now: 1700.
Total: 2.088900 ms (FindLiveObjects: 0.163100 ms CreateObjectMapping: 0.067800 ms MarkObjects: 1.524700 ms  DeleteObjects: 0.332200 ms)

========================================================================
Received Import Request.
  Time since last request: 3302.032780 seconds.
  path: Assets/Scripts/Direction.cs
  artifactKey: Guid(6fb69b70d2ab03a479bda0489b9db51b) Importer(815301076,1909f56bfc062723c751e8b465ee728b)
Start importing Assets/Scripts/Direction.cs using Guid(6fb69b70d2ab03a479bda0489b9db51b) Importer(815301076,1909f56bfc062723c751e8b465ee728b)  -> (artifact id: 'f39912e09906f819e0e0386e08c8a8e7') in 0.016959 seconds
  Import took 0.021322 seconds .

